<?xml version="1.0" encoding="UTF-8"?>
<!-- Generated by org.testng.reporters.JUnitReportReporter -->
<testsuite hostname="LAPTOP-EQ3PJJO8" failures="0" tests="1" name="com.qa.TestCases.LoginAppTest" time="0.714" errors="0" timestamp="2021-09-24T23:17:07 AEST" skipped="0">
  <testcase classname="com.qa.TestCases.LoginAppTest" name="loginApp" time="0.714"/>
</testsuite> <!-- com.qa.TestCases.LoginAppTest -->
